<?xml version="1.0" encoding="UTF-8"?>
<!-- Generated by org.testng.reporters.JUnitReportReporter -->
<testsuite hostname="EPRURYAW0058" name="com.epam.elena_stepuro.framework.reporting.run_tests.test.YandexTest" tests="7" failures="0" timestamp="9 Aug 2016 10:14:36 GMT" time="47.027" errors="0">
  <testcase name="testClearDrafts" time="1.046" classname="com.epam.elena_stepuro.framework.reporting.run_tests.test.YandexTest"/>
  <testcase name="testWriteSaveLetter" time="11.115" classname="com.epam.elena_stepuro.framework.reporting.run_tests.test.YandexTest"/>
  <testcase name="testCheckDrafts" time="8.638" classname="com.epam.elena_stepuro.framework.reporting.run_tests.test.YandexTest"/>
  <testcase name="testCheckDrafts" time="9.402" classname="com.epam.elena_stepuro.framework.reporting.run_tests.test.YandexTest"/>
  <testcase name="testWriteSaveLetter" time="9.772" classname="com.epam.elena_stepuro.framework.reporting.run_tests.test.YandexTest"/>
  <testcase name="testClearSendLetters" time="5.267" classname="com.epam.elena_stepuro.framework.reporting.run_tests.test.YandexTest"/>
  <testcase name="testLogonYandex" time="1.787" classname="com.epam.elena_stepuro.framework.reporting.run_tests.test.YandexTest"/>
</testsuite> <!-- com.epam.elena_stepuro.framework.reporting.run_tests.test.YandexTest -->
